<?xml version="1.0" encoding="UTF-8"?>
<!-- Generated by org.testng.reporters.JUnitReportReporter -->
<testsuite hostname="DESKTOP-RDGIFUL" failures="0" tests="1" name="bksoft.OpenCartAutomation.testcases.HomePageTest" time="14.744" errors="0" timestamp="2023-03-31T13:25:51 IST" skipped="0">
  <testcase classname="bksoft.OpenCartAutomation.testcases.HomePageTest" name="validatingHomepageLocatorsFunctionality" time="14.744"/>
  <system-out/>
</testsuite> <!-- bksoft.OpenCartAutomation.testcases.HomePageTest -->
