<?xml version="1.0" encoding="UTF-8"?>
<!-- Generated by org.testng.reporters.JUnitReportReporter -->
<testsuite hostname="DESKTOP-K2LK1NM" failures="0" tests="1" name="bksoft.OpenCartAutomation.testcases.HomePageTest" time="31.725" errors="0" timestamp="2023-04-01T12:56:33 IST" skipped="0">
  <testcase classname="bksoft.OpenCartAutomation.testcases.HomePageTest" name="validatingHomepageLocatorsFunctionality" time="31.725"/>
  <system-out/>
</testsuite> <!-- bksoft.OpenCartAutomation.testcases.HomePageTest -->
