<?xml version="1.0" encoding="UTF-8"?>
<!-- Generated by org.testng.reporters.JUnitReportReporter -->
<testsuite hostname="DESKTOP-RDGIFUL" failures="0" tests="1" name="bksoft.OpenCartAutomation.testcases.HomePageTest" time="15.826" errors="0" timestamp="2023-04-03T13:16:16 IST" skipped="0">
  <testcase classname="bksoft.OpenCartAutomation.testcases.HomePageTest" name="validatingHomepageLocatorsFunctionality" time="15.826"/>
  <system-out/>
</testsuite> <!-- bksoft.OpenCartAutomation.testcases.HomePageTest -->
