<?xml version="1.0" encoding="UTF-8"?>
<!-- Generated by org.testng.reporters.JUnitReportReporter -->
<testsuite hostname="DESKTOP-RDGIFUL" failures="0" tests="1" name="bksoft.OpenCartAutomation.testcases.HomePageTest" time="48.789" errors="0" timestamp="2023-03-29T16:53:38 IST" skipped="0">
  <testcase classname="bksoft.OpenCartAutomation.testcases.HomePageTest" name="productCategoryTest" time="48.789"/>
  <system-out/>
</testsuite> <!-- bksoft.OpenCartAutomation.testcases.HomePageTest -->
